<?xml version="1.0" encoding="UTF-8"?>
<!-- Generated by org.testng.reporters.JUnitXMLReporter -->
<testsuite ignored="0" hostname="LAPTOP-D0G4RM9N" failures="0" tests="4" name="Test" time="0.039" errors="0" timestamp="2024-06-13T09:52:28 IST">
  <testcase classname="pac1.ContactTest" name="createOrgTest" time="0.003"/>
  <testcase classname="pac1.ContactTest" name="modifyorgTest" time="0.0"/>
  <testcase classname="pac2.OrgTest" name="createcontactTest" time="0.0"/>
  <testcase classname="pac2.OrgTest" name="modifycontactTest" time="0.0"/>
</testsuite> <!-- Test -->
