<?xml version="1.0" encoding="UTF-8"?>
<testng-results ignored="0" total="4" passed="4" failed="0" skipped="0">
  <reporter-output>
  </reporter-output>
  <suite started-at="2024-06-12T17:38:00 IST" name="Suite" finished-at="2024-06-12T17:38:00 IST" duration-ms="67">
    <groups>
    </groups>
    <test started-at="2024-06-12T17:38:00 IST" name="Test" finished-at="2024-06-12T17:38:00 IST" duration-ms="67">
      <class name="pac1.ContactTest">
        <test-method signature="createOrgTest()[pri:0, instance:pac1.ContactTest@78b1cc93]" started-at="2024-06-12T17:38:00 IST" name="createOrgTest" finished-at="2024-06-12T17:38:00 IST" duration-ms="7" status="PASS">
          <reporter-output>
          </reporter-output>
        </test-method> <!-- createOrgTest -->
        <test-method signature="modifyorgTest()[pri:0, instance:pac1.ContactTest@78b1cc93]" started-at="2024-06-12T17:38:00 IST" name="modifyorgTest" finished-at="2024-06-12T17:38:00 IST" duration-ms="0" status="PASS">
          <reporter-output>
          </reporter-output>
        </test-method> <!-- modifyorgTest -->
      </class> <!-- pac1.ContactTest -->
      <class name="pac2.OrgTest">
        <test-method signature="createcontactTest()[pri:0, instance:pac2.OrgTest@2aa5fe93]" started-at="2024-06-12T17:38:00 IST" name="createcontactTest" finished-at="2024-06-12T17:38:00 IST" duration-ms="1" status="PASS">
          <reporter-output>
          </reporter-output>
        </test-method> <!-- createcontactTest -->
        <test-method signature="modifycontactTest()[pri:0, instance:pac2.OrgTest@2aa5fe93]" started-at="2024-06-12T17:38:00 IST" name="modifycontactTest" finished-at="2024-06-12T17:38:00 IST" duration-ms="0" status="PASS">
          <reporter-output>
          </reporter-output>
        </test-method> <!-- modifycontactTest -->
      </class> <!-- pac2.OrgTest -->
    </test> <!-- Test -->
  </suite> <!-- Suite -->
</testng-results>
